<?xml version="1.0" encoding="UTF-8"?>
<!-- Generated by org.testng.reporters.JUnitReportReporter -->
<testsuite hostname="DESKTOP-M0HFRBN" failures="0" tests="1" name="chaldal_test.test" time="56.804" errors="0" timestamp="2022-08-24T23:37:01 BDT" skipped="0">
  <testcase classname="chaldal_test.test" name="test_por" time="56.804"/>
  <system-out/>
</testsuite> <!-- chaldal_test.test -->
